Arguments: 
  /usr/local/Cellar/node/8.1.3/bin/node /usr/local/bin/yarn add babel-plugin-import --dev

PATH: 
  /Library/Java/JavaVirtualMachines/jdk1.8.0_121.jdk/Contents/Home/bin:/usr/local/bin:/usr/bin:/bin:/usr/sbin:/sbin:/Users/mangX/Library/Android/sdk/tools:/Users/mangX/Library/Android/sdk/platform-tools

Yarn version: 
  0.27.5

Node version: 
  8.1.3

Platform: 
  darwin x64

npm manifest: 
  {
    "private": true,
    "scripts": {
      "start": "roadhog server",
      "build": "roadhog build",
      "lint": "eslint --ext .js src test",
      "precommit": "npm run lint"
    },
    "engines": {
      "install-node": "6.9.2"
    },
    "dependencies": {
      "babel-runtime": "^6.9.2",
      "dva": "^1.2.1",
      "react": "^15.4.0",
      "react-dom": "^15.4.0"
    },
    "devDependencies": {
      "babel-eslint": "^7.1.1",
      "babel-plugin-dva-hmr": "^0.3.2",
      "babel-plugin-transform-runtime": "^6.9.0",
      "eslint": "^3.12.2",
      "eslint-config-airbnb": "^13.0.0",
      "eslint-plugin-import": "^2.2.0",
      "eslint-plugin-jsx-a11y": "^2.2.3",
      "eslint-plugin-react": "^6.8.0",
      "expect": "^1.20.2",
      "husky": "^0.12.0",
      "redbox-react": "^1.3.2",
      "roadhog": "^0.5.2"
    }
  }

yarn manifest: 
  No manifest

Lockfile: 
  No lockfile

Trace: 
  TypeError: https://registry.npm.taobao.org/filesize: Cannot read property 'asyncReset' of null
      at Agent.addRequest (_http_agent.js:171:19)
      at new ClientRequest (_http_client.js:272:16)
      at Object.request (http.js:39:10)
      at Object.request (https.js:233:15)
      at Request.start (/usr/local/Cellar/yarn/0.27.5/libexec/lib/yarn-cli.js:114809:32)
      at Request.end (/usr/local/Cellar/yarn/0.27.5/libexec/lib/yarn-cli.js:115579:10)
      at end (/usr/local/Cellar/yarn/0.27.5/libexec/lib/yarn-cli.js:114621:14)
      at Immediate._onImmediate (/usr/local/Cellar/yarn/0.27.5/libexec/lib/yarn-cli.js:114635:7)
      at runCallback (timers.js:800:20)
      at tryOnImmediate (timers.js:762:5)
